<?xml version="1.0" encoding="UTF-8"?>
<!-- Generated by org.testng.reporters.JUnitXMLReporter -->
<testsuite ignored="0" hostname="PSL-DW77XM3" failures="0" tests="3" name="RUN ON EdgeTest" time="42.092" errors="0" timestamp="2023-08-09T18:22:59 IST">
  <testcase classname="lambdaTest.TestScenario1" name="formDemo" time="6.853"/>
  <testcase classname="lambdaTest.TestScenario3" name="inputFormSubmit" time="20.26"/>
  <testcase classname="lambdaTest.TestScenario2" name="dragDropBySlider" time="5.235"/>
</testsuite> <!-- RUN ON EdgeTest -->
