<?xml version="1.0" encoding="UTF-8"?>
<!-- Generated by org.testng.reporters.JUnitXMLReporter -->
<testsuite ignored="0" hostname="PSL-DW77XM3" failures="0" tests="3" name="RUN ON ChromeTest" time="52.282" errors="0" timestamp="2023-08-09T18:22:17 IST">
  <testcase classname="lambdaTest.TestScenario2" name="dragDropBySlider" time="7.903"/>
  <testcase classname="lambdaTest.TestScenario3" name="inputFormSubmit" time="15.394"/>
  <testcase classname="lambdaTest.TestScenario1" name="formDemo" time="5.947"/>
</testsuite> <!-- RUN ON ChromeTest -->
